##############################################################################
#                                                                            #
#                                                      13/Jul/2007  11:42:43 #
# IAR Atmel AVR C/C++ Compiler V4.11A/W32, Evaluation Version                #
# Copyright 1996-2005 IAR Systems. All rights reserved.                      #
#                                                                            #
#    Source file  =  S:\Files\ASUTP\U309M\prjs\avr\libtst\main.cpp           #
#    Command line =  S:\Files\ASUTP\U309M\prjs\avr\libtst\main.cpp           #
#                    --cpu=m2561 -ms -o S:\Files\ASUTP\U309M\prjs\avr\libtst #
#                    \Debug\Obj\ -lC S:\Files\ASUTP\U309M\prjs\avr\libtst\De #
#                    bug\List\ -y --initializers_in_flash -z2 --no_cse       #
#                    --no_inline --no_code_motion --no_cross_call            #
#                    --no_clustering --no_tbaa --debug                       #
#                    -DENABLE_BIT_DEFINITIONS -e -I                          #
#                    S:\Files\ASUTP\U309M\prjs\avr\libtst\..\mxsrclib\arch\c #
#                    ur\ -I S:\Files\ASUTP\U309M\prjs\avr\libtst\..\mxsrclib #
#                    \ -I "D:\Program Files\IAR Systems\Embedded Workbench   #
#                    4.0 Evaluation\avr\INC\" -I "D:\Program Files\IAR       #
#                    Systems\Embedded Workbench 4.0                          #
#                    Evaluation\avr\INC\DLIB\" --eeprom_size 4096 --eec++    #
#                    --dlib_config "D:\Program Files\IAR Systems\Embedded    #
#                    Workbench 4.0 Evaluation\avr\LIB\DLIB\dlAVR-5s-ec-n.h"  #
#    List file    =  S:\Files\ASUTP\U309M\prjs\avr\libtst\Debug\List\main.ls #
#                    t                                                       #
#    Object file  =  S:\Files\ASUTP\U309M\prjs\avr\libtst\Debug\Obj\main.r90 #
#                                                                            #
#                                                                            #
##############################################################################

S:\Files\ASUTP\U309M\prjs\avr\libtst\main.cpp
      1          #include <irsdefs.h>
      2          #include "mainprg.h"
      3          

   \                                 In segment FARCODE, align 2, keep-with-next
      4          int main()
   \                     main:
      5          {
      6            init();
   \   00000000   ........           CALL    ??init
      7            for(;;) {
      8              tick();
   \                     ??main_0:
   \   00000004   ........           CALL    ??tick
      9              if (stopped()) break;
   \   00000008   ........           CALL    ??stopped
   \   0000000C   2300               TST     R16
   \   0000000E   F3D1               BREQ    ??main_0
     10            }
     11            deinit();
   \   00000010   ........           CALL    ??deinit
     12            
     13            return 0;
   \   00000014   E000               LDI     R16, 0
   \   00000016   E010               LDI     R17, 0
   \   00000018   9508               RET
     14          }

   Maximum stack usage in bytes:

     Function       CSTACK RSTACK
     --------       ------ ------
     main()             0      3
       -> init()        0      3
       -> tick()        0      3
       -> stopped()     0      3
       -> deinit()      0      3


   Segment part sizes:

     Function/Label Bytes
     -------------- -----
     main()           26

 
 26 bytes in segment FARCODE
 
 26 bytes of CODE memory

Errors: none
Warnings: none
